2018-05-12 20:23:40,573 INFO =*=*=*=*=*=*=*=*=*=*=*=*=*=*=*=*=*=*=*=*=*
2018-05-12 20:23:40,573 INFO =*=*=*=*=*=.      NEW LOG      =*=*=*=*=*
2018-05-12 20:23:40,573 INFO =*=*=*=*=*=*=*=*=*=*=*=*=*=*=*=*=*=*=*=*=*
2018-05-12 20:23:44,388 INFO BEST PLAYER VERSION: 0
2018-05-12 20:23:44,389 INFO ====================
2018-05-12 20:23:44,389 INFO EPISODE 1 OF 25
2018-05-12 20:23:44,389 INFO ====================
2018-05-12 20:23:44,390 INFO best_player plays as X
2018-05-12 20:23:44,390 INFO ['-', '-', '-', '-', '-', '-', '-']
2018-05-12 20:23:44,390 INFO ['-', '-', '-', '-', '-', '-', '-']
2018-05-12 20:23:44,390 INFO ['-', '-', '-', '-', '-', '-', '-']
2018-05-12 20:23:44,390 INFO ['-', '-', '-', '-', '-', '-', '-']
2018-05-12 20:23:44,390 INFO ['-', '-', '-', '-', '-', '-', '-']
2018-05-12 20:23:44,390 INFO ['-', '-', '-', '-', '-', '-', '-']
2018-05-12 20:23:44,390 INFO --------------
2018-05-12 20:24:13,203 INFO =*=*=*=*=*=*=*=*=*=*=*=*=*=*=*=*=*=*=*=*=*
2018-05-12 20:24:13,203 INFO =*=*=*=*=*=.      NEW LOG      =*=*=*=*=*
2018-05-12 20:24:13,203 INFO =*=*=*=*=*=*=*=*=*=*=*=*=*=*=*=*=*=*=*=*=*
2018-05-12 20:24:16,924 INFO BEST PLAYER VERSION: 0
2018-05-12 20:24:16,924 INFO ====================
2018-05-12 20:24:16,925 INFO EPISODE 1 OF 25
2018-05-12 20:24:16,925 INFO ====================
2018-05-12 20:24:16,925 INFO best_player plays as X
2018-05-12 20:24:16,925 INFO ['-', '-', '-', '-', '-', '-', '-']
2018-05-12 20:24:16,925 INFO ['-', '-', '-', '-', '-', '-', '-']
2018-05-12 20:24:16,925 INFO ['-', '-', '-', '-', '-', '-', '-']
2018-05-12 20:24:16,925 INFO ['-', '-', '-', '-', '-', '-', '-']
2018-05-12 20:24:16,925 INFO ['-', '-', '-', '-', '-', '-', '-']
2018-05-12 20:24:16,925 INFO ['-', '-', '-', '-', '-', '-', '-']
2018-05-12 20:24:16,925 INFO --------------
2018-05-12 20:24:31,537 INFO =*=*=*=*=*=*=*=*=*=*=*=*=*=*=*=*=*=*=*=*=*
2018-05-12 20:24:31,537 INFO =*=*=*=*=*=.      NEW LOG      =*=*=*=*=*
2018-05-12 20:24:31,537 INFO =*=*=*=*=*=*=*=*=*=*=*=*=*=*=*=*=*=*=*=*=*
2018-05-12 20:24:35,228 INFO BEST PLAYER VERSION: 0
2018-05-12 20:24:35,229 INFO ====================
2018-05-12 20:24:35,229 INFO EPISODE 1 OF 25
2018-05-12 20:24:35,229 INFO ====================
2018-05-12 20:24:35,230 INFO best_player plays as X
2018-05-12 20:24:35,230 INFO ['-', '-', '-', '-', '-', '-', '-']
2018-05-12 20:24:35,230 INFO ['-', '-', '-', '-', '-', '-', '-']
2018-05-12 20:24:35,230 INFO ['-', '-', '-', '-', '-', '-', '-']
2018-05-12 20:24:35,230 INFO ['-', '-', '-', '-', '-', '-', '-']
2018-05-12 20:24:35,230 INFO ['-', '-', '-', '-', '-', '-', '-']
2018-05-12 20:24:35,230 INFO ['-', '-', '-', '-', '-', '-', '-']
2018-05-12 20:24:35,230 INFO --------------
2018-05-12 20:24:36,181 INFO action: 36
2018-05-12 20:24:36,181 INFO ['----', '----', '----', '----', '----', '----', '----']
2018-05-12 20:24:36,181 INFO ['----', '----', '----', '----', '----', '----', '----']
2018-05-12 20:24:36,181 INFO ['----', '----', '----', '----', '----', '----', '----']
2018-05-12 20:24:36,181 INFO ['----', '----', '----', '----', '----', '----', '----']
2018-05-12 20:24:36,181 INFO ['----', '----', '----', '----', '----', '----', '----']
2018-05-12 20:24:36,181 INFO ['0.14', '0.16', '0.16', '0.14', '0.10', '0.12', '0.16']
2018-05-12 20:24:36,181 INFO MCTS perceived value for X: 0.020000
2018-05-12 20:24:36,181 INFO NN perceived value for X: -0.010000
2018-05-12 20:24:36,181 INFO ====================
2018-05-12 20:24:36,182 INFO ['-', '-', '-', '-', '-', '-', '-']
2018-05-12 20:24:36,182 INFO ['-', '-', '-', '-', '-', '-', '-']
2018-05-12 20:24:36,182 INFO ['-', '-', '-', '-', '-', '-', '-']
2018-05-12 20:24:36,182 INFO ['-', '-', '-', '-', '-', '-', '-']
2018-05-12 20:24:36,182 INFO ['-', '-', '-', '-', '-', '-', '-']
2018-05-12 20:24:36,182 INFO ['-', 'X', '-', '-', '-', '-', '-']
2018-05-12 20:24:36,182 INFO --------------
2018-05-12 20:24:36,891 INFO action: 37
2018-05-12 20:24:36,891 INFO ['----', '----', '----', '----', '----', '----', '----']
2018-05-12 20:24:36,891 INFO ['----', '----', '----', '----', '----', '----', '----']
2018-05-12 20:24:36,891 INFO ['----', '----', '----', '----', '----', '----', '----']
2018-05-12 20:24:36,891 INFO ['----', '----', '----', '----', '----', '----', '----']
2018-05-12 20:24:36,891 INFO ['----', '0.16', '----', '----', '----', '----', '----']
2018-05-12 20:24:36,892 INFO ['0.16', '----', '0.14', '0.11', '0.12', '0.16', '0.16']
2018-05-12 20:24:36,892 INFO MCTS perceived value for O: -0.010000
2018-05-12 20:24:36,892 INFO NN perceived value for O: -0.040000
2018-05-12 20:24:36,892 INFO ====================
2018-05-12 20:24:36,892 INFO ['-', '-', '-', '-', '-', '-', '-']
2018-05-12 20:24:36,892 INFO ['-', '-', '-', '-', '-', '-', '-']
2018-05-12 20:24:36,892 INFO ['-', '-', '-', '-', '-', '-', '-']
2018-05-12 20:24:36,892 INFO ['-', '-', '-', '-', '-', '-', '-']
2018-05-12 20:24:36,892 INFO ['-', '-', '-', '-', '-', '-', '-']
2018-05-12 20:24:36,892 INFO ['-', 'X', 'O', '-', '-', '-', '-']
2018-05-12 20:24:36,892 INFO --------------
2018-05-12 20:24:37,597 INFO action: 41
2018-05-12 20:24:37,597 INFO ['----', '----', '----', '----', '----', '----', '----']
2018-05-12 20:24:37,597 INFO ['----', '----', '----', '----', '----', '----', '----']
2018-05-12 20:24:37,597 INFO ['----', '----', '----', '----', '----', '----', '----']
2018-05-12 20:24:37,597 INFO ['----', '----', '----', '----', '----', '----', '----']
2018-05-12 20:24:37,597 INFO ['----', '0.14', '0.16', '----', '----', '----', '----']
2018-05-12 20:24:37,597 INFO ['0.16', '----', '----', '0.11', '0.16', '0.14', '0.14']
2018-05-12 20:24:37,597 INFO MCTS perceived value for X: 0.050000
2018-05-12 20:24:37,597 INFO NN perceived value for X: 0.010000
2018-05-12 20:24:37,597 INFO ====================
2018-05-12 20:24:37,598 INFO ['-', '-', '-', '-', '-', '-', '-']
2018-05-12 20:24:37,598 INFO ['-', '-', '-', '-', '-', '-', '-']
2018-05-12 20:24:37,598 INFO ['-', '-', '-', '-', '-', '-', '-']
2018-05-12 20:24:37,598 INFO ['-', '-', '-', '-', '-', '-', '-']
2018-05-12 20:24:37,598 INFO ['-', '-', '-', '-', '-', '-', '-']
2018-05-12 20:24:37,598 INFO ['-', 'X', 'O', '-', '-', '-', 'X']
2018-05-12 20:24:37,598 INFO --------------
2018-05-12 20:24:38,398 INFO action: 39
2018-05-12 20:24:38,398 INFO ['----', '----', '----', '----', '----', '----', '----']
2018-05-12 20:24:38,398 INFO ['----', '----', '----', '----', '----', '----', '----']
2018-05-12 20:24:38,399 INFO ['----', '----', '----', '----', '----', '----', '----']
2018-05-12 20:24:38,399 INFO ['----', '----', '----', '----', '----', '----', '----']
2018-05-12 20:24:38,399 INFO ['----', '0.12', '0.14', '----', '----', '----', '0.18']
2018-05-12 20:24:38,399 INFO ['0.14', '----', '----', '0.12', '0.16', '0.14', '----']
2018-05-12 20:24:38,399 INFO MCTS perceived value for O: -0.040000
2018-05-12 20:24:38,399 INFO NN perceived value for O: -0.030000
2018-05-12 20:24:38,399 INFO ====================
2018-05-12 20:24:38,399 INFO ['-', '-', '-', '-', '-', '-', '-']
2018-05-12 20:24:38,399 INFO ['-', '-', '-', '-', '-', '-', '-']
2018-05-12 20:24:38,399 INFO ['-', '-', '-', '-', '-', '-', '-']
2018-05-12 20:24:38,400 INFO ['-', '-', '-', '-', '-', '-', '-']
2018-05-12 20:24:38,400 INFO ['-', '-', '-', '-', '-', '-', '-']
2018-05-12 20:24:38,400 INFO ['-', 'X', 'O', '-', 'O', '-', 'X']
2018-05-12 20:24:38,400 INFO --------------
2018-05-12 20:24:39,112 INFO action: 38
2018-05-12 20:24:39,112 INFO ['----', '----', '----', '----', '----', '----', '----']
2018-05-12 20:24:39,112 INFO ['----', '----', '----', '----', '----', '----', '----']
2018-05-12 20:24:39,112 INFO ['----', '----', '----', '----', '----', '----', '----']
2018-05-12 20:24:39,112 INFO ['----', '----', '----', '----', '----', '----', '----']
2018-05-12 20:24:39,112 INFO ['----', '0.16', '0.14', '----', '0.12', '----', '0.16']
2018-05-12 20:24:39,112 INFO ['0.14', '----', '----', '0.16', '----', '0.14', '----']
2018-05-12 20:24:39,112 INFO MCTS perceived value for X: 0.050000
2018-05-12 20:24:39,112 INFO NN perceived value for X: 0.070000
2018-05-12 20:24:39,112 INFO ====================
2018-05-12 20:24:39,112 INFO ['-', '-', '-', '-', '-', '-', '-']
2018-05-12 20:24:39,113 INFO ['-', '-', '-', '-', '-', '-', '-']
2018-05-12 20:24:39,113 INFO ['-', '-', '-', '-', '-', '-', '-']
2018-05-12 20:24:39,113 INFO ['-', '-', '-', '-', '-', '-', '-']
2018-05-12 20:24:39,113 INFO ['-', '-', '-', '-', '-', '-', '-']
2018-05-12 20:24:39,113 INFO ['-', 'X', 'O', 'X', 'O', '-', 'X']
2018-05-12 20:24:39,113 INFO --------------
2018-05-12 20:24:39,819 INFO action: 30
2018-05-12 20:24:39,819 INFO ['----', '----', '----', '----', '----', '----', '----']
2018-05-12 20:24:39,819 INFO ['----', '----', '----', '----', '----', '----', '----']
2018-05-12 20:24:39,819 INFO ['----', '----', '----', '----', '----', '----', '----']
2018-05-12 20:24:39,820 INFO ['----', '----', '----', '----', '----', '----', '----']
2018-05-12 20:24:39,820 INFO ['----', '0.12', '0.12', '0.21', '0.16', '----', '0.16']
2018-05-12 20:24:39,820 INFO ['0.12', '----', '----', '----', '----', '0.12', '----']
2018-05-12 20:24:39,820 INFO MCTS perceived value for O: -0.080000
2018-05-12 20:24:39,820 INFO NN perceived value for O: -0.080000
2018-05-12 20:24:39,820 INFO ====================
2018-05-12 20:24:39,820 INFO ['-', '-', '-', '-', '-', '-', '-']
2018-05-12 20:24:39,820 INFO ['-', '-', '-', '-', '-', '-', '-']
2018-05-12 20:24:39,820 INFO ['-', '-', '-', '-', '-', '-', '-']
2018-05-12 20:24:39,820 INFO ['-', '-', '-', '-', '-', '-', '-']
2018-05-12 20:24:39,820 INFO ['-', '-', 'O', '-', '-', '-', '-']
2018-05-12 20:24:39,820 INFO ['-', 'X', 'O', 'X', 'O', '-', 'X']
2018-05-12 20:24:39,820 INFO --------------
2018-05-12 20:24:40,521 INFO action: 34
2018-05-12 20:24:40,521 INFO ['----', '----', '----', '----', '----', '----', '----']
2018-05-12 20:24:40,521 INFO ['----', '----', '----', '----', '----', '----', '----']
2018-05-12 20:24:40,521 INFO ['----', '----', '----', '----', '----', '----', '----']
2018-05-12 20:24:40,522 INFO ['----', '----', '0.14', '----', '----', '----', '----']
2018-05-12 20:24:40,522 INFO ['----', '0.11', '----', '0.18', '0.12', '----', '0.21']
2018-05-12 20:24:40,522 INFO ['0.11', '----', '----', '----', '----', '0.12', '----']
2018-05-12 20:24:40,522 INFO MCTS perceived value for X: 0.080000
2018-05-12 20:24:40,522 INFO NN perceived value for X: 0.060000
2018-05-12 20:24:40,522 INFO ====================
2018-05-12 20:24:40,522 INFO ['-', '-', '-', '-', '-', '-', '-']
2018-05-12 20:24:40,522 INFO ['-', '-', '-', '-', '-', '-', '-']
2018-05-12 20:24:40,522 INFO ['-', '-', '-', '-', '-', '-', '-']
2018-05-12 20:24:40,522 INFO ['-', '-', '-', '-', '-', '-', '-']
2018-05-12 20:24:40,522 INFO ['-', '-', 'O', '-', '-', '-', 'X']
2018-05-12 20:24:40,522 INFO ['-', 'X', 'O', 'X', 'O', '-', 'X']
2018-05-12 20:24:40,522 INFO --------------
2018-05-12 20:24:41,193 INFO action: 29
2018-05-12 20:24:41,193 INFO ['----', '----', '----', '----', '----', '----', '----']
2018-05-12 20:24:41,193 INFO ['----', '----', '----', '----', '----', '----', '----']
2018-05-12 20:24:41,193 INFO ['----', '----', '----', '----', '----', '----', '----']
2018-05-12 20:24:41,193 INFO ['----', '----', '0.51', '----', '----', '----', '0.07']
2018-05-12 20:24:41,193 INFO ['----', '0.07', '----', '0.10', '0.10', '----', '----']
2018-05-12 20:24:41,193 INFO ['0.08', '----', '----', '----', '----', '0.08', '----']
2018-05-12 20:24:41,193 INFO MCTS perceived value for O: -0.090000
2018-05-12 20:24:41,193 INFO NN perceived value for O: -0.070000
2018-05-12 20:24:41,193 INFO ====================
2018-05-12 20:24:41,194 INFO ['-', '-', '-', '-', '-', '-', '-']
2018-05-12 20:24:41,194 INFO ['-', '-', '-', '-', '-', '-', '-']
2018-05-12 20:24:41,194 INFO ['-', '-', '-', '-', '-', '-', '-']
2018-05-12 20:24:41,194 INFO ['-', '-', '-', '-', '-', '-', '-']
2018-05-12 20:24:41,194 INFO ['-', 'O', 'O', '-', '-', '-', 'X']
2018-05-12 20:24:41,194 INFO ['-', 'X', 'O', 'X', 'O', '-', 'X']
2018-05-12 20:24:41,194 INFO --------------
2018-05-12 20:24:41,988 INFO action: 40
2018-05-12 20:24:41,988 INFO ['----', '----', '----', '----', '----', '----', '----']
2018-05-12 20:24:41,988 INFO ['----', '----', '----', '----', '----', '----', '----']
2018-05-12 20:24:41,988 INFO ['----', '----', '----', '----', '----', '----', '----']
2018-05-12 20:24:41,988 INFO ['----', '0.17', '0.13', '----', '----', '----', '0.09']
2018-05-12 20:24:41,989 INFO ['----', '----', '----', '0.17', '0.15', '----', '----']
2018-05-12 20:24:41,989 INFO ['0.15', '----', '----', '----', '----', '0.13', '----']
2018-05-12 20:24:41,989 INFO MCTS perceived value for X: 0.080000
2018-05-12 20:24:41,989 INFO NN perceived value for X: 0.090000
2018-05-12 20:24:41,989 INFO ====================
2018-05-12 20:24:41,989 INFO ['-', '-', '-', '-', '-', '-', '-']
2018-05-12 20:24:41,989 INFO ['-', '-', '-', '-', '-', '-', '-']
2018-05-12 20:24:41,989 INFO ['-', '-', '-', '-', '-', '-', '-']
2018-05-12 20:24:41,989 INFO ['-', '-', '-', '-', '-', '-', '-']
2018-05-12 20:24:41,989 INFO ['-', 'O', 'O', '-', '-', '-', 'X']
2018-05-12 20:24:41,989 INFO ['-', 'X', 'O', 'X', 'O', 'X', 'X']
2018-05-12 20:24:41,989 INFO --------------
2018-05-12 20:24:42,636 INFO action: 23
2018-05-12 20:24:42,636 INFO ['----', '----', '----', '----', '----', '----', '----']
2018-05-12 20:24:42,636 INFO ['----', '----', '----', '----', '----', '----', '----']
2018-05-12 20:24:42,636 INFO ['----', '----', '----', '----', '----', '----', '----']
2018-05-12 20:24:42,636 INFO ['----', '0.09', '0.38', '----', '----', '----', '0.09']
2018-05-12 20:24:42,636 INFO ['----', '----', '----', '0.16', '0.11', '0.09', '----']
2018-05-12 20:24:42,637 INFO ['0.09', '----', '----', '----', '----', '----', '----']
2018-05-12 20:24:42,637 INFO MCTS perceived value for O: 0.220000
2018-05-12 20:24:42,637 INFO NN perceived value for O: -0.090000
2018-05-12 20:24:42,637 INFO ====================
2018-05-12 20:24:42,637 INFO ['-', '-', '-', '-', '-', '-', '-']
2018-05-12 20:24:42,637 INFO ['-', '-', '-', '-', '-', '-', '-']
2018-05-12 20:24:42,637 INFO ['-', '-', '-', '-', '-', '-', '-']
2018-05-12 20:24:42,637 INFO ['-', '-', 'O', '-', '-', '-', '-']
2018-05-12 20:24:42,637 INFO ['-', 'O', 'O', '-', '-', '-', 'X']
2018-05-12 20:24:42,637 INFO ['-', 'X', 'O', 'X', 'O', 'X', 'X']
2018-05-12 20:24:42,637 INFO --------------
2018-05-12 20:24:43,377 INFO action: 16
2018-05-12 20:24:43,377 INFO ['----', '----', '----', '----', '----', '----', '----']
2018-05-12 20:24:43,377 INFO ['----', '----', '----', '----', '----', '----', '----']
2018-05-12 20:24:43,377 INFO ['----', '----', '0.79', '----', '----', '----', '----']
2018-05-12 20:24:43,377 INFO ['----', '0.07', '----', '----', '----', '----', '0.03']
2018-05-12 20:24:43,378 INFO ['----', '----', '----', '0.03', '0.03', '0.03', '----']
2018-05-12 20:24:43,378 INFO ['0.03', '----', '----', '----', '----', '----', '----']
2018-05-12 20:24:43,378 INFO MCTS perceived value for X: 0.100000
2018-05-12 20:24:43,378 INFO NN perceived value for X: 0.090000
2018-05-12 20:24:43,378 INFO ====================
2018-05-12 20:24:43,378 INFO ['-', '-', '-', '-', '-', '-', '-']
2018-05-12 20:24:43,378 INFO ['-', '-', '-', '-', '-', '-', '-']
2018-05-12 20:24:43,378 INFO ['-', '-', 'X', '-', '-', '-', '-']
2018-05-12 20:24:43,378 INFO ['-', '-', 'O', '-', '-', '-', '-']
2018-05-12 20:24:43,378 INFO ['-', 'O', 'O', '-', '-', '-', 'X']
2018-05-12 20:24:43,378 INFO ['-', 'X', 'O', 'X', 'O', 'X', 'X']
2018-05-12 20:24:43,378 INFO --------------
2018-05-12 20:24:44,058 INFO action: 31
2018-05-12 20:24:44,059 INFO ['----', '----', '----', '----', '----', '----', '----']
2018-05-12 20:24:44,059 INFO ['----', '----', '0.07', '----', '----', '----', '----']
2018-05-12 20:24:44,059 INFO ['----', '----', '----', '----', '----', '----', '----']
2018-05-12 20:24:44,059 INFO ['----', '0.10', '----', '----', '----', '----', '0.08']
2018-05-12 20:24:44,059 INFO ['----', '----', '----', '0.46', '0.12', '0.09', '----']
2018-05-12 20:24:44,059 INFO ['0.10', '----', '----', '----', '----', '----', '----']
2018-05-12 20:24:44,059 INFO MCTS perceived value for O: 0.050000
2018-05-12 20:24:44,059 INFO NN perceived value for O: -0.100000
2018-05-12 20:24:44,059 INFO ====================
2018-05-12 20:24:44,059 INFO ['-', '-', '-', '-', '-', '-', '-']
2018-05-12 20:24:44,059 INFO ['-', '-', '-', '-', '-', '-', '-']
2018-05-12 20:24:44,060 INFO ['-', '-', 'X', '-', '-', '-', '-']
2018-05-12 20:24:44,060 INFO ['-', '-', 'O', '-', '-', '-', '-']
2018-05-12 20:24:44,060 INFO ['-', 'O', 'O', 'O', '-', '-', 'X']
2018-05-12 20:24:44,060 INFO ['-', 'X', 'O', 'X', 'O', 'X', 'X']
2018-05-12 20:24:44,060 INFO --------------
2018-05-12 20:24:44,684 INFO action: 32
2018-05-12 20:24:44,684 INFO ['----', '----', '----', '----', '----', '----', '----']
2018-05-12 20:24:44,684 INFO ['----', '----', '0.05', '----', '----', '----', '----']
2018-05-12 20:24:44,684 INFO ['----', '----', '----', '----', '----', '----', '----']
2018-05-12 20:24:44,684 INFO ['----', '0.05', '----', '0.05', '----', '----', '0.07']
2018-05-12 20:24:44,684 INFO ['----', '----', '----', '----', '0.65', '0.09', '----']
2018-05-12 20:24:44,684 INFO ['0.03', '----', '----', '----', '----', '----', '----']
2018-05-12 20:24:44,684 INFO MCTS perceived value for X: 0.200000
2018-05-12 20:24:44,684 INFO NN perceived value for X: 0.080000
2018-05-12 20:24:44,684 INFO ====================
2018-05-12 20:24:44,685 INFO ['-', '-', '-', '-', '-', '-', '-']
2018-05-12 20:24:44,685 INFO ['-', '-', '-', '-', '-', '-', '-']
2018-05-12 20:24:44,685 INFO ['-', '-', 'X', '-', '-', '-', '-']
2018-05-12 20:24:44,685 INFO ['-', '-', 'O', '-', '-', '-', '-']
2018-05-12 20:24:44,685 INFO ['-', 'O', 'O', 'O', 'X', '-', 'X']
2018-05-12 20:24:44,685 INFO ['-', 'X', 'O', 'X', 'O', 'X', 'X']
2018-05-12 20:24:44,685 INFO --------------
2018-05-12 20:24:45,330 INFO action: 24
2018-05-12 20:24:45,330 INFO ['----', '----', '----', '----', '----', '----', '----']
2018-05-12 20:24:45,330 INFO ['----', '----', '0.06', '----', '----', '----', '----']
2018-05-12 20:24:45,330 INFO ['----', '----', '----', '----', '----', '----', '----']
2018-05-12 20:24:45,331 INFO ['----', '0.04', '----', '0.56', '0.08', '----', '0.08']
2018-05-12 20:24:45,331 INFO ['----', '----', '----', '----', '----', '0.08', '----']
2018-05-12 20:24:45,331 INFO ['0.09', '----', '----', '----', '----', '----', '----']
2018-05-12 20:24:45,331 INFO MCTS perceived value for O: -0.070000
2018-05-12 20:24:45,331 INFO NN perceived value for O: -0.110000
2018-05-12 20:24:45,331 INFO ====================
2018-05-12 20:24:45,331 INFO ['-', '-', '-', '-', '-', '-', '-']
2018-05-12 20:24:45,331 INFO ['-', '-', '-', '-', '-', '-', '-']
2018-05-12 20:24:45,331 INFO ['-', '-', 'X', '-', '-', '-', '-']
2018-05-12 20:24:45,331 INFO ['-', '-', 'O', 'O', '-', '-', '-']
2018-05-12 20:24:45,331 INFO ['-', 'O', 'O', 'O', 'X', '-', 'X']
2018-05-12 20:24:45,331 INFO ['-', 'X', 'O', 'X', 'O', 'X', 'X']
2018-05-12 20:24:45,331 INFO --------------
2018-05-12 20:24:46,006 INFO action: 27
2018-05-12 20:24:46,006 INFO ['----', '----', '----', '----', '----', '----', '----']
2018-05-12 20:24:46,006 INFO ['----', '----', '0.10', '----', '----', '----', '----']
2018-05-12 20:24:46,006 INFO ['----', '----', '----', '0.15', '----', '----', '----']
2018-05-12 20:24:46,006 INFO ['----', '0.05', '----', '----', '0.15', '----', '0.37']
2018-05-12 20:24:46,006 INFO ['----', '----', '----', '----', '----', '0.15', '----']
2018-05-12 20:24:46,006 INFO ['0.03', '----', '----', '----', '----', '----', '----']
2018-05-12 20:24:46,006 INFO MCTS perceived value for X: 0.220000
2018-05-12 20:24:46,007 INFO NN perceived value for X: 0.070000
2018-05-12 20:24:46,007 INFO ====================
2018-05-12 20:24:46,007 INFO ['-', '-', '-', '-', '-', '-', '-']
2018-05-12 20:24:46,007 INFO ['-', '-', '-', '-', '-', '-', '-']
2018-05-12 20:24:46,007 INFO ['-', '-', 'X', '-', '-', '-', '-']
2018-05-12 20:24:46,007 INFO ['-', '-', 'O', 'O', '-', '-', 'X']
2018-05-12 20:24:46,007 INFO ['-', 'O', 'O', 'O', 'X', '-', 'X']
2018-05-12 20:24:46,007 INFO ['-', 'X', 'O', 'X', 'O', 'X', 'X']
2018-05-12 20:24:46,007 INFO --------------
2018-05-12 20:24:46,675 INFO action: 20
2018-05-12 20:24:46,675 INFO ['----', '----', '----', '----', '----', '----', '----']
2018-05-12 20:24:46,675 INFO ['----', '----', '0.04', '----', '----', '----', '----']
2018-05-12 20:24:46,675 INFO ['----', '----', '----', '0.04', '----', '----', '0.72']
2018-05-12 20:24:46,675 INFO ['----', '0.04', '----', '----', '0.06', '----', '----']
2018-05-12 20:24:46,675 INFO ['----', '----', '----', '----', '----', '0.04', '----']
2018-05-12 20:24:46,675 INFO ['0.04', '----', '----', '----', '----', '----', '----']
2018-05-12 20:24:46,675 INFO MCTS perceived value for O: -0.050000
2018-05-12 20:24:46,675 INFO NN perceived value for O: -0.090000
2018-05-12 20:24:46,675 INFO ====================
2018-05-12 20:24:46,676 INFO ['-', '-', '-', '-', '-', '-', '-']
2018-05-12 20:24:46,676 INFO ['-', '-', '-', '-', '-', '-', '-']
2018-05-12 20:24:46,676 INFO ['-', '-', 'X', '-', '-', '-', 'O']
2018-05-12 20:24:46,676 INFO ['-', '-', 'O', 'O', '-', '-', 'X']
2018-05-12 20:24:46,676 INFO ['-', 'O', 'O', 'O', 'X', '-', 'X']
2018-05-12 20:24:46,676 INFO ['-', 'X', 'O', 'X', 'O', 'X', 'X']
2018-05-12 20:24:46,676 INFO --------------
2018-05-12 20:24:47,507 INFO action: 25
2018-05-12 20:24:47,507 INFO ['----', '----', '----', '----', '----', '----', '----']
2018-05-12 20:24:47,507 INFO ['----', '----', '0.12', '----', '----', '----', '0.19']
2018-05-12 20:24:47,507 INFO ['----', '----', '----', '0.16', '----', '----', '----']
2018-05-12 20:24:47,507 INFO ['----', '0.06', '----', '----', '0.23', '----', '----']
2018-05-12 20:24:47,507 INFO ['----', '----', '----', '----', '----', '0.19', '----']
2018-05-12 20:24:47,507 INFO ['0.04', '----', '----', '----', '----', '----', '----']
2018-05-12 20:24:47,507 INFO MCTS perceived value for X: 0.070000
2018-05-12 20:24:47,507 INFO NN perceived value for X: 0.030000
2018-05-12 20:24:47,507 INFO ====================
2018-05-12 20:24:47,508 INFO ['-', '-', '-', '-', '-', '-', '-']
2018-05-12 20:24:47,508 INFO ['-', '-', '-', '-', '-', '-', '-']
2018-05-12 20:24:47,508 INFO ['-', '-', 'X', '-', '-', '-', 'O']
2018-05-12 20:24:47,508 INFO ['-', '-', 'O', 'O', 'X', '-', 'X']
2018-05-12 20:24:47,508 INFO ['-', 'O', 'O', 'O', 'X', '-', 'X']
2018-05-12 20:24:47,508 INFO ['-', 'X', 'O', 'X', 'O', 'X', 'X']
2018-05-12 20:24:47,508 INFO --------------
2018-05-12 20:24:48,212 INFO action: 13
2018-05-12 20:24:48,212 INFO ['----', '----', '----', '----', '----', '----', '----']
2018-05-12 20:24:48,212 INFO ['----', '----', '0.12', '----', '----', '----', '0.17']
2018-05-12 20:24:48,212 INFO ['----', '----', '----', '0.16', '0.17', '----', '----']
2018-05-12 20:24:48,212 INFO ['----', '0.13', '----', '----', '----', '----', '----']
2018-05-12 20:24:48,212 INFO ['----', '----', '----', '----', '----', '0.11', '----']
2018-05-12 20:24:48,212 INFO ['0.13', '----', '----', '----', '----', '----', '----']
2018-05-12 20:24:48,212 INFO MCTS perceived value for O: -0.110000
2018-05-12 20:24:48,213 INFO NN perceived value for O: -0.160000
2018-05-12 20:24:48,213 INFO ====================
2018-05-12 20:24:48,213 INFO ['-', '-', '-', '-', '-', '-', '-']
2018-05-12 20:24:48,213 INFO ['-', '-', '-', '-', '-', '-', 'O']
2018-05-12 20:24:48,213 INFO ['-', '-', 'X', '-', '-', '-', 'O']
2018-05-12 20:24:48,213 INFO ['-', '-', 'O', 'O', 'X', '-', 'X']
2018-05-12 20:24:48,213 INFO ['-', 'O', 'O', 'O', 'X', '-', 'X']
2018-05-12 20:24:48,213 INFO ['-', 'X', 'O', 'X', 'O', 'X', 'X']
2018-05-12 20:24:48,213 INFO --------------
2018-05-12 20:24:48,892 INFO action: 6
2018-05-12 20:24:48,892 INFO ['----', '----', '----', '----', '----', '----', '0.21']
2018-05-12 20:24:48,892 INFO ['----', '----', '0.13', '----', '----', '----', '----']
2018-05-12 20:24:48,892 INFO ['----', '----', '----', '0.19', '0.16', '----', '----']
2018-05-12 20:24:48,892 INFO ['----', '0.08', '----', '----', '----', '----', '----']
2018-05-12 20:24:48,892 INFO ['----', '----', '----', '----', '----', '0.18', '----']
2018-05-12 20:24:48,893 INFO ['0.05', '----', '----', '----', '----', '----', '----']
2018-05-12 20:24:48,893 INFO MCTS perceived value for X: 0.110000
2018-05-12 20:24:48,893 INFO NN perceived value for X: 0.010000
2018-05-12 20:24:48,893 INFO ====================
2018-05-12 20:24:48,893 INFO ['-', '-', '-', '-', '-', '-', 'X']
2018-05-12 20:24:48,893 INFO ['-', '-', '-', '-', '-', '-', 'O']
2018-05-12 20:24:48,893 INFO ['-', '-', 'X', '-', '-', '-', 'O']
2018-05-12 20:24:48,893 INFO ['-', '-', 'O', 'O', 'X', '-', 'X']
2018-05-12 20:24:48,893 INFO ['-', 'O', 'O', 'O', 'X', '-', 'X']
2018-05-12 20:24:48,893 INFO ['-', 'X', 'O', 'X', 'O', 'X', 'X']
2018-05-12 20:24:48,893 INFO --------------
2018-05-12 20:24:49,408 INFO action: 35
2018-05-12 20:24:49,409 INFO ['----', '----', '----', '----', '----', '----', '----']
2018-05-12 20:24:49,409 INFO ['----', '----', '0.06', '----', '----', '----', '----']
2018-05-12 20:24:49,409 INFO ['----', '----', '----', '0.11', '0.08', '----', '----']
2018-05-12 20:24:49,409 INFO ['----', '0.08', '----', '----', '----', '----', '----']
2018-05-12 20:24:49,409 INFO ['----', '----', '----', '----', '----', '0.11', '----']
2018-05-12 20:24:49,409 INFO ['0.55', '----', '----', '----', '----', '----', '----']
2018-05-12 20:24:49,409 INFO MCTS perceived value for O: 0.460000
2018-05-12 20:24:49,409 INFO NN perceived value for O: -0.200000
2018-05-12 20:24:49,409 INFO ====================
2018-05-12 20:24:49,409 INFO ['-', '-', '-', '-', '-', '-', 'X']
2018-05-12 20:24:49,409 INFO ['-', '-', '-', '-', '-', '-', 'O']
2018-05-12 20:24:49,409 INFO ['-', '-', 'X', '-', '-', '-', 'O']
2018-05-12 20:24:49,410 INFO ['-', '-', 'O', 'O', 'X', '-', 'X']
2018-05-12 20:24:49,410 INFO ['-', 'O', 'O', 'O', 'X', '-', 'X']
2018-05-12 20:24:49,410 INFO ['O', 'X', 'O', 'X', 'O', 'X', 'X']
2018-05-12 20:24:49,410 INFO --------------
2018-05-12 20:24:49,554 INFO action: 28
2018-05-12 20:24:49,554 INFO ['----', '----', '----', '----', '----', '----', '----']
2018-05-12 20:24:49,554 INFO ['----', '----', '0.18', '----', '----', '----', '----']
2018-05-12 20:24:49,554 INFO ['----', '----', '----', '0.13', '0.14', '----', '----']
2018-05-12 20:24:49,554 INFO ['----', '0.14', '----', '----', '----', '----', '----']
2018-05-12 20:24:49,554 INFO ['0.29', '----', '----', '----', '----', '0.11', '----']
2018-05-12 20:24:49,554 INFO ['----', '----', '----', '----', '----', '----', '----']
2018-05-12 20:24:49,554 INFO MCTS perceived value for X: -0.750000
2018-05-12 20:24:49,554 INFO NN perceived value for X: 0.050000
2018-05-12 20:24:49,554 INFO ====================
2018-05-12 20:24:49,554 INFO ['-', '-', '-', '-', '-', '-', 'X']
2018-05-12 20:24:49,555 INFO ['-', '-', '-', '-', '-', '-', 'O']
2018-05-12 20:24:49,555 INFO ['-', '-', 'X', '-', '-', '-', 'O']
2018-05-12 20:24:49,555 INFO ['-', '-', 'O', 'O', 'X', '-', 'X']
2018-05-12 20:24:49,555 INFO ['X', 'O', 'O', 'O', 'X', '-', 'X']
2018-05-12 20:24:49,555 INFO ['O', 'X', 'O', 'X', 'O', 'X', 'X']
2018-05-12 20:24:49,555 INFO --------------
2018-05-12 20:24:49,674 INFO action: 17
2018-05-12 20:24:49,674 INFO ['----', '----', '----', '----', '----', '----', '----']
2018-05-12 20:24:49,674 INFO ['----', '----', '0.01', '----', '----', '----', '----']
2018-05-12 20:24:49,674 INFO ['----', '----', '----', '0.93', '0.01', '----', '----']
2018-05-12 20:24:49,674 INFO ['0.01', '0.01', '----', '----', '----', '----', '----']
2018-05-12 20:24:49,674 INFO ['----', '----', '----', '----', '----', '0.01', '----']
2018-05-12 20:24:49,674 INFO ['----', '----', '----', '----', '----', '----', '----']
2018-05-12 20:24:49,674 INFO MCTS perceived value for O: 1.000000
2018-05-12 20:24:49,674 INFO NN perceived value for O: -0.240000
2018-05-12 20:24:49,674 INFO ====================
2018-05-12 20:24:49,675 INFO ['-', '-', '-', '-', '-', '-', 'X']
2018-05-12 20:24:49,675 INFO ['-', '-', '-', '-', '-', '-', 'O']
2018-05-12 20:24:49,675 INFO ['-', '-', 'X', 'O', '-', '-', 'O']
2018-05-12 20:24:49,675 INFO ['-', '-', 'O', 'O', 'X', '-', 'X']
2018-05-12 20:24:49,675 INFO ['X', 'O', 'O', 'O', 'X', '-', 'X']
2018-05-12 20:24:49,675 INFO ['O', 'X', 'O', 'X', 'O', 'X', 'X']
2018-05-12 20:24:49,675 INFO --------------
2018-05-12 20:24:49,675 INFO best_player WINS!
2018-05-12 20:24:49,675 INFO ====================
2018-05-12 20:24:49,675 INFO EPISODE 2 OF 25
2018-05-12 20:24:49,675 INFO ====================
2018-05-12 20:24:49,676 INFO best_player plays as X
2018-05-12 20:24:49,676 INFO --------------
2018-05-12 20:24:49,676 INFO ['-', '-', '-', '-', '-', '-', '-']
2018-05-12 20:24:49,676 INFO ['-', '-', '-', '-', '-', '-', '-']
2018-05-12 20:24:49,676 INFO ['-', '-', '-', '-', '-', '-', '-']
2018-05-12 20:24:49,676 INFO ['-', '-', '-', '-', '-', '-', '-']
2018-05-12 20:24:49,676 INFO ['-', '-', '-', '-', '-', '-', '-']
2018-05-12 20:24:49,676 INFO ['-', '-', '-', '-', '-', '-', '-']
2018-05-12 20:24:49,676 INFO --------------
2018-05-12 20:24:50,360 INFO action: 35
2018-05-12 20:24:50,360 INFO ['----', '----', '----', '----', '----', '----', '----']
2018-05-12 20:24:50,360 INFO ['----', '----', '----', '----', '----', '----', '----']
2018-05-12 20:24:50,360 INFO ['----', '----', '----', '----', '----', '----', '----']
2018-05-12 20:24:50,360 INFO ['----', '----', '----', '----', '----', '----', '----']
2018-05-12 20:24:50,360 INFO ['----', '----', '----', '----', '----', '----', '----']
2018-05-12 20:24:50,360 INFO ['0.16', '0.14', '0.14', '0.14', '0.14', '0.12', '0.14']
2018-05-12 20:24:50,360 INFO MCTS perceived value for X: 0.020000
2018-05-12 20:24:50,361 INFO NN perceived value for X: -0.010000
2018-05-12 20:24:50,361 INFO ====================
2018-05-12 20:24:50,361 INFO ['-', '-', '-', '-', '-', '-', '-']
2018-05-12 20:24:50,361 INFO ['-', '-', '-', '-', '-', '-', '-']
2018-05-12 20:24:50,361 INFO ['-', '-', '-', '-', '-', '-', '-']
2018-05-12 20:24:50,361 INFO ['-', '-', '-', '-', '-', '-', '-']
2018-05-12 20:24:50,361 INFO ['-', '-', '-', '-', '-', '-', '-']
2018-05-12 20:24:50,361 INFO ['X', '-', '-', '-', '-', '-', '-']
2018-05-12 20:24:50,361 INFO --------------
2018-05-12 20:24:51,089 INFO action: 41
2018-05-12 20:24:51,089 INFO ['----', '----', '----', '----', '----', '----', '----']
2018-05-12 20:24:51,089 INFO ['----', '----', '----', '----', '----', '----', '----']
2018-05-12 20:24:51,089 INFO ['----', '----', '----', '----', '----', '----', '----']
2018-05-12 20:24:51,089 INFO ['----', '----', '----', '----', '----', '----', '----']
2018-05-12 20:24:51,089 INFO ['0.16', '----', '----', '----', '----', '----', '----']
2018-05-12 20:24:51,089 INFO ['----', '0.14', '0.14', '0.12', '0.14', '0.12', '0.18']
2018-05-12 20:24:51,090 INFO MCTS perceived value for O: 0.010000
2018-05-12 20:24:51,090 INFO NN perceived value for O: -0.000000
2018-05-12 20:24:51,090 INFO ====================
2018-05-12 20:24:51,090 INFO ['-', '-', '-', '-', '-', '-', '-']
2018-05-12 20:24:51,090 INFO ['-', '-', '-', '-', '-', '-', '-']
2018-05-12 20:24:51,090 INFO ['-', '-', '-', '-', '-', '-', '-']
2018-05-12 20:24:51,090 INFO ['-', '-', '-', '-', '-', '-', '-']
2018-05-12 20:24:51,090 INFO ['-', '-', '-', '-', '-', '-', '-']
2018-05-12 20:24:51,090 INFO ['X', '-', '-', '-', '-', '-', 'O']
2018-05-12 20:24:51,090 INFO --------------
2018-05-12 20:24:51,856 INFO action: 36
2018-05-12 20:24:51,856 INFO ['----', '----', '----', '----', '----', '----', '----']
2018-05-12 20:24:51,856 INFO ['----', '----', '----', '----', '----', '----', '----']
2018-05-12 20:24:51,856 INFO ['----', '----', '----', '----', '----', '----', '----']
2018-05-12 20:24:51,856 INFO ['----', '----', '----', '----', '----', '----', '----']
2018-05-12 20:24:51,856 INFO ['0.19', '----', '----', '----', '----', '----', '0.17']
2018-05-12 20:24:51,856 INFO ['----', '0.14', '0.12', '0.12', '0.14', '0.14', '----']
2018-05-12 20:24:51,856 INFO MCTS perceived value for X: 0.010000
2018-05-12 20:24:51,857 INFO NN perceived value for X: -0.010000
2018-05-12 20:24:51,857 INFO ====================
2018-05-12 20:24:51,857 INFO ['-', '-', '-', '-', '-', '-', '-']
2018-05-12 20:24:51,857 INFO ['-', '-', '-', '-', '-', '-', '-']
2018-05-12 20:24:51,857 INFO ['-', '-', '-', '-', '-', '-', '-']
2018-05-12 20:24:51,858 INFO ['-', '-', '-', '-', '-', '-', '-']
2018-05-12 20:24:51,858 INFO ['-', '-', '-', '-', '-', '-', '-']
2018-05-12 20:24:51,858 INFO ['X', 'X', '-', '-', '-', '-', 'O']
2018-05-12 20:24:51,858 INFO --------------
2018-05-12 20:24:52,597 INFO action: 28
2018-05-12 20:24:52,597 INFO ['----', '----', '----', '----', '----', '----', '----']
2018-05-12 20:24:52,597 INFO ['----', '----', '----', '----', '----', '----', '----']
2018-05-12 20:24:52,597 INFO ['----', '----', '----', '----', '----', '----', '----']
2018-05-12 20:24:52,597 INFO ['----', '----', '----', '----', '----', '----', '----']
2018-05-12 20:24:52,597 INFO ['0.16', '0.16', '----', '----', '----', '----', '0.12']
2018-05-12 20:24:52,598 INFO ['----', '----', '0.12', '0.14', '0.14', '0.16', '----']
2018-05-12 20:24:52,598 INFO MCTS perceived value for O: 0.010000
2018-05-12 20:24:52,598 INFO NN perceived value for O: -0.010000
2018-05-12 20:24:52,598 INFO ====================
2018-05-12 20:24:52,598 INFO ['-', '-', '-', '-', '-', '-', '-']
2018-05-12 20:24:52,598 INFO ['-', '-', '-', '-', '-', '-', '-']
2018-05-12 20:24:52,598 INFO ['-', '-', '-', '-', '-', '-', '-']
2018-05-12 20:24:52,598 INFO ['-', '-', '-', '-', '-', '-', '-']
2018-05-12 20:24:52,598 INFO ['O', '-', '-', '-', '-', '-', '-']
2018-05-12 20:24:52,598 INFO ['X', 'X', '-', '-', '-', '-', 'O']
2018-05-12 20:24:52,598 INFO --------------
2018-05-12 20:24:53,336 INFO action: 34
2018-05-12 20:24:53,336 INFO ['----', '----', '----', '----', '----', '----', '----']
2018-05-12 20:24:53,336 INFO ['----', '----', '----', '----', '----', '----', '----']
2018-05-12 20:24:53,336 INFO ['----', '----', '----', '----', '----', '----', '----']
2018-05-12 20:24:53,336 INFO ['0.16', '----', '----', '----', '----', '----', '----']
2018-05-12 20:24:53,336 INFO ['----', '0.14', '----', '----', '----', '----', '0.16']
2018-05-12 20:24:53,336 INFO ['----', '----', '0.14', '0.12', '0.12', '0.17', '----']
2018-05-12 20:24:53,336 INFO MCTS perceived value for X: 0.010000
2018-05-12 20:24:53,336 INFO NN perceived value for X: -0.000000
2018-05-12 20:24:53,337 INFO ====================
2018-05-12 20:24:53,337 INFO ['-', '-', '-', '-', '-', '-', '-']
2018-05-12 20:24:53,337 INFO ['-', '-', '-', '-', '-', '-', '-']
2018-05-12 20:24:53,337 INFO ['-', '-', '-', '-', '-', '-', '-']
2018-05-12 20:24:53,337 INFO ['-', '-', '-', '-', '-', '-', '-']
2018-05-12 20:24:53,337 INFO ['O', '-', '-', '-', '-', '-', 'X']
2018-05-12 20:24:53,337 INFO ['X', 'X', '-', '-', '-', '-', 'O']
2018-05-12 20:24:53,337 INFO --------------
2018-05-12 20:24:54,360 INFO action: 38
2018-05-12 20:24:54,360 INFO ['----', '----', '----', '----', '----', '----', '----']
2018-05-12 20:24:54,360 INFO ['----', '----', '----', '----', '----', '----', '----']
2018-05-12 20:24:54,360 INFO ['----', '----', '----', '----', '----', '----', '----']
2018-05-12 20:24:54,360 INFO ['0.17', '----', '----', '----', '----', '----', '0.14']
2018-05-12 20:24:54,360 INFO ['----', '0.14', '----', '----', '----', '----', '----']
2018-05-12 20:24:54,360 INFO ['----', '----', '0.16', '0.10', '0.14', '0.16', '----']
2018-05-12 20:24:54,360 INFO MCTS perceived value for O: -0.010000
2018-05-12 20:24:54,360 INFO NN perceived value for O: -0.020000
2018-05-12 20:24:54,360 INFO ====================
2018-05-12 20:24:54,361 INFO ['-', '-', '-', '-', '-', '-', '-']
2018-05-12 20:24:54,361 INFO ['-', '-', '-', '-', '-', '-', '-']
2018-05-12 20:24:54,361 INFO ['-', '-', '-', '-', '-', '-', '-']
2018-05-12 20:24:54,361 INFO ['-', '-', '-', '-', '-', '-', '-']
2018-05-12 20:24:54,361 INFO ['O', '-', '-', '-', '-', '-', 'X']
2018-05-12 20:24:54,361 INFO ['X', 'X', '-', 'O', '-', '-', 'O']
2018-05-12 20:24:54,361 INFO --------------
2018-05-12 20:24:55,105 INFO action: 29
2018-05-12 20:24:55,105 INFO ['----', '----', '----', '----', '----', '----', '----']
2018-05-12 20:24:55,105 INFO ['----', '----', '----', '----', '----', '----', '----']
2018-05-12 20:24:55,105 INFO ['----', '----', '----', '----', '----', '----', '----']
2018-05-12 20:24:55,106 INFO ['0.11', '----', '----', '----', '----', '----', '0.13']
2018-05-12 20:24:55,106 INFO ['----', '0.15', '----', '0.22', '----', '----', '----']
2018-05-12 20:24:55,106 INFO ['----', '----', '0.11', '----', '0.15', '0.15', '----']
2018-05-12 20:24:55,106 INFO MCTS perceived value for X: 0.030000
2018-05-12 20:24:55,106 INFO NN perceived value for X: 0.000000
2018-05-12 20:24:55,106 INFO ====================
2018-05-12 20:24:55,106 INFO ['-', '-', '-', '-', '-', '-', '-']
2018-05-12 20:24:55,106 INFO ['-', '-', '-', '-', '-', '-', '-']
2018-05-12 20:24:55,106 INFO ['-', '-', '-', '-', '-', '-', '-']
2018-05-12 20:24:55,106 INFO ['-', '-', '-', '-', '-', '-', '-']
2018-05-12 20:24:55,106 INFO ['O', 'X', '-', '-', '-', '-', 'X']
2018-05-12 20:24:55,106 INFO ['X', 'X', '-', 'O', '-', '-', 'O']
2018-05-12 20:24:55,106 INFO --------------
2018-05-12 20:24:55,882 INFO action: 21
2018-05-12 20:24:55,882 INFO ['----', '----', '----', '----', '----', '----', '----']
2018-05-12 20:24:55,882 INFO ['----', '----', '----', '----', '----', '----', '----']
2018-05-12 20:24:55,882 INFO ['----', '----', '----', '----', '----', '----', '----']
2018-05-12 20:24:55,883 INFO ['0.16', '0.14', '----', '----', '----', '----', '0.12']
2018-05-12 20:24:55,883 INFO ['----', '----', '----', '0.16', '----', '----', '----']
2018-05-12 20:24:55,883 INFO ['----', '----', '0.14', '----', '0.12', '0.16', '----']
2018-05-12 20:24:55,883 INFO MCTS perceived value for O: -0.000000
2018-05-12 20:24:55,883 INFO NN perceived value for O: -0.030000
2018-05-12 20:24:55,883 INFO ====================
2018-05-12 20:24:55,883 INFO ['-', '-', '-', '-', '-', '-', '-']
2018-05-12 20:24:55,884 INFO ['-', '-', '-', '-', '-', '-', '-']
2018-05-12 20:24:55,884 INFO ['-', '-', '-', '-', '-', '-', '-']
2018-05-12 20:24:55,884 INFO ['O', '-', '-', '-', '-', '-', '-']
2018-05-12 20:24:55,884 INFO ['O', 'X', '-', '-', '-', '-', 'X']
2018-05-12 20:24:55,884 INFO ['X', 'X', '-', 'O', '-', '-', 'O']
2018-05-12 20:24:55,884 INFO --------------
2018-05-12 20:24:56,638 INFO action: 22
2018-05-12 20:24:56,638 INFO ['----', '----', '----', '----', '----', '----', '----']
2018-05-12 20:24:56,638 INFO ['----', '----', '----', '----', '----', '----', '----']
2018-05-12 20:24:56,638 INFO ['0.17', '----', '----', '----', '----', '----', '----']
2018-05-12 20:24:56,639 INFO ['----', '0.16', '----', '----', '----', '----', '0.10']
2018-05-12 20:24:56,639 INFO ['----', '----', '----', '0.19', '----', '----', '----']
2018-05-12 20:24:56,639 INFO ['----', '----', '0.10', '----', '0.12', '0.16', '----']
2018-05-12 20:24:56,639 INFO MCTS perceived value for X: 0.030000
2018-05-12 20:24:56,639 INFO NN perceived value for X: -0.050000
2018-05-12 20:24:56,639 INFO ====================
2018-05-12 20:24:56,639 INFO ['-', '-', '-', '-', '-', '-', '-']
2018-05-12 20:24:56,639 INFO ['-', '-', '-', '-', '-', '-', '-']
2018-05-12 20:24:56,639 INFO ['-', '-', '-', '-', '-', '-', '-']
2018-05-12 20:24:56,639 INFO ['O', 'X', '-', '-', '-', '-', '-']
2018-05-12 20:24:56,639 INFO ['O', 'X', '-', '-', '-', '-', 'X']
2018-05-12 20:24:56,639 INFO ['X', 'X', '-', 'O', '-', '-', 'O']
2018-05-12 20:24:56,639 INFO --------------
2018-05-12 20:24:57,267 INFO action: 15
2018-05-12 20:24:57,267 INFO ['----', '----', '----', '----', '----', '----', '----']
2018-05-12 20:24:57,267 INFO ['----', '----', '----', '----', '----', '----', '----']
2018-05-12 20:24:57,267 INFO ['0.14', '0.33', '----', '----', '----', '----', '----']
2018-05-12 20:24:57,267 INFO ['----', '----', '----', '----', '----', '----', '0.14']
2018-05-12 20:24:57,268 INFO ['----', '----', '----', '0.12', '----', '----', '----']
2018-05-12 20:24:57,268 INFO ['----', '----', '0.09', '----', '0.09', '0.10', '----']
2018-05-12 20:24:57,268 INFO MCTS perceived value for O: 0.000000
2018-05-12 20:24:57,268 INFO NN perceived value for O: -0.030000
2018-05-12 20:24:57,268 INFO ====================
2018-05-12 20:24:57,268 INFO ['-', '-', '-', '-', '-', '-', '-']
2018-05-12 20:24:57,268 INFO ['-', '-', '-', '-', '-', '-', '-']
2018-05-12 20:24:57,268 INFO ['-', 'O', '-', '-', '-', '-', '-']
2018-05-12 20:24:57,268 INFO ['O', 'X', '-', '-', '-', '-', '-']
2018-05-12 20:24:57,268 INFO ['O', 'X', '-', '-', '-', '-', 'X']
2018-05-12 20:24:57,269 INFO ['X', 'X', '-', 'O', '-', '-', 'O']
2018-05-12 20:24:57,269 INFO --------------
2018-05-12 20:24:57,974 INFO action: 40
2018-05-12 20:24:57,975 INFO ['----', '----', '----', '----', '----', '----', '----']
2018-05-12 20:24:57,975 INFO ['----', '0.15', '----', '----', '----', '----', '----']
2018-05-12 20:24:57,975 INFO ['0.15', '----', '----', '----', '----', '----', '----']
2018-05-12 20:24:57,975 INFO ['----', '----', '----', '----', '----', '----', '0.13']
2018-05-12 20:24:57,975 INFO ['----', '----', '----', '0.16', '----', '----', '----']
2018-05-12 20:24:57,975 INFO ['----', '----', '0.12', '----', '0.13', '0.16', '----']
2018-05-12 20:24:57,975 INFO MCTS perceived value for X: 0.010000
2018-05-12 20:24:57,975 INFO NN perceived value for X: -0.050000
2018-05-12 20:24:57,975 INFO ====================
2018-05-12 20:24:57,975 INFO ['-', '-', '-', '-', '-', '-', '-']
2018-05-12 20:24:57,975 INFO ['-', '-', '-', '-', '-', '-', '-']
2018-05-12 20:24:57,975 INFO ['-', 'O', '-', '-', '-', '-', '-']
2018-05-12 20:24:57,976 INFO ['O', 'X', '-', '-', '-', '-', '-']
2018-05-12 20:24:57,976 INFO ['O', 'X', '-', '-', '-', '-', 'X']
2018-05-12 20:24:57,976 INFO ['X', 'X', '-', 'O', '-', 'X', 'O']
2018-05-12 20:24:57,976 INFO --------------
2018-05-12 20:24:58,776 INFO action: 14
2018-05-12 20:24:58,776 INFO ['----', '----', '----', '----', '----', '----', '----']
2018-05-12 20:24:58,776 INFO ['----', '0.10', '----', '----', '----', '----', '----']
2018-05-12 20:24:58,776 INFO ['0.23', '----', '----', '----', '----', '----', '----']
2018-05-12 20:24:58,776 INFO ['----', '----', '----', '----', '----', '----', '0.12']
2018-05-12 20:24:58,776 INFO ['----', '----', '----', '0.18', '----', '0.12', '----']
2018-05-12 20:24:58,776 INFO ['----', '----', '0.12', '----', '0.13', '----', '----']
2018-05-12 20:24:58,776 INFO MCTS perceived value for O: 0.230000
2018-05-12 20:24:58,776 INFO NN perceived value for O: -0.060000
2018-05-12 20:24:58,776 INFO ====================
2018-05-12 20:24:58,776 INFO ['-', '-', '-', '-', '-', '-', '-']
2018-05-12 20:24:58,777 INFO ['-', '-', '-', '-', '-', '-', '-']
2018-05-12 20:24:58,777 INFO ['O', 'O', '-', '-', '-', '-', '-']
2018-05-12 20:24:58,777 INFO ['O', 'X', '-', '-', '-', '-', '-']
2018-05-12 20:24:58,777 INFO ['O', 'X', '-', '-', '-', '-', 'X']
2018-05-12 20:24:58,777 INFO ['X', 'X', '-', 'O', '-', 'X', 'O']
2018-05-12 20:24:58,777 INFO --------------
2018-05-12 20:24:59,445 INFO action: 7
2018-05-12 20:24:59,445 INFO ['----', '----', '----', '----', '----', '----', '----']
2018-05-12 20:24:59,445 INFO ['0.76', '0.06', '----', '----', '----', '----', '----']
2018-05-12 20:24:59,445 INFO ['----', '----', '----', '----', '----', '----', '----']
2018-05-12 20:24:59,445 INFO ['----', '----', '----', '----', '----', '----', '0.03']
2018-05-12 20:24:59,445 INFO ['----', '----', '----', '0.05', '----', '0.03', '----']
2018-05-12 20:24:59,445 INFO ['----', '----', '0.03', '----', '0.03', '----', '----']
2018-05-12 20:24:59,445 INFO MCTS perceived value for X: -0.020000
2018-05-12 20:24:59,445 INFO NN perceived value for X: -0.040000
2018-05-12 20:24:59,445 INFO ====================
2018-05-12 20:24:59,446 INFO ['-', '-', '-', '-', '-', '-', '-']
2018-05-12 20:24:59,446 INFO ['X', '-', '-', '-', '-', '-', '-']
2018-05-12 20:24:59,446 INFO ['O', 'O', '-', '-', '-', '-', '-']
2018-05-12 20:24:59,446 INFO ['O', 'X', '-', '-', '-', '-', '-']
2018-05-12 20:24:59,446 INFO ['O', 'X', '-', '-', '-', '-', 'X']
2018-05-12 20:24:59,446 INFO ['X', 'X', '-', 'O', '-', 'X', 'O']
2018-05-12 20:24:59,446 INFO --------------
2018-05-12 20:25:00,275 INFO action: 31
2018-05-12 20:25:00,275 INFO ['0.14', '----', '----', '----', '----', '----', '----']
2018-05-12 20:25:00,275 INFO ['----', '0.12', '----', '----', '----', '----', '----']
2018-05-12 20:25:00,275 INFO ['----', '----', '----', '----', '----', '----', '----']
2018-05-12 20:25:00,275 INFO ['----', '----', '----', '----', '----', '----', '0.14']
2018-05-12 20:25:00,275 INFO ['----', '----', '----', '0.15', '----', '0.13', '----']
2018-05-12 20:25:00,275 INFO ['----', '----', '0.14', '----', '0.15', '----', '----']
2018-05-12 20:25:00,275 INFO MCTS perceived value for O: 0.000000
2018-05-12 20:25:00,275 INFO NN perceived value for O: -0.040000
2018-05-12 20:25:00,275 INFO ====================
2018-05-12 20:25:00,276 INFO ['-', '-', '-', '-', '-', '-', '-']
2018-05-12 20:25:00,276 INFO ['X', '-', '-', '-', '-', '-', '-']
2018-05-12 20:25:00,276 INFO ['O', 'O', '-', '-', '-', '-', '-']
2018-05-12 20:25:00,276 INFO ['O', 'X', '-', '-', '-', '-', '-']
2018-05-12 20:25:00,276 INFO ['O', 'X', '-', 'O', '-', '-', 'X']
2018-05-12 20:25:00,276 INFO ['X', 'X', '-', 'O', '-', 'X', 'O']
2018-05-12 20:25:00,276 INFO --------------
2018-05-12 20:25:00,990 INFO action: 8
2018-05-12 20:25:00,990 INFO ['0.16', '----', '----', '----', '----', '----', '----']
2018-05-12 20:25:00,990 INFO ['----', '0.16', '----', '----', '----', '----', '----']
2018-05-12 20:25:00,990 INFO ['----', '----', '----', '----', '----', '----', '----']
2018-05-12 20:25:00,990 INFO ['----', '----', '----', '0.12', '----', '----', '0.14']
2018-05-12 20:25:00,990 INFO ['----', '----', '----', '----', '----', '0.14', '----']
2018-05-12 20:25:00,990 INFO ['----', '----', '0.14', '----', '0.14', '----', '----']
2018-05-12 20:25:00,990 INFO MCTS perceived value for X: 0.020000
2018-05-12 20:25:00,990 INFO NN perceived value for X: -0.050000
2018-05-12 20:25:00,990 INFO ====================
2018-05-12 20:25:00,990 INFO ['-', '-', '-', '-', '-', '-', '-']
2018-05-12 20:25:00,991 INFO ['X', 'X', '-', '-', '-', '-', '-']
2018-05-12 20:25:00,991 INFO ['O', 'O', '-', '-', '-', '-', '-']
2018-05-12 20:25:00,991 INFO ['O', 'X', '-', '-', '-', '-', '-']
2018-05-12 20:25:00,991 INFO ['O', 'X', '-', 'O', '-', '-', 'X']
2018-05-12 20:25:00,991 INFO ['X', 'X', '-', 'O', '-', 'X', 'O']
2018-05-12 20:25:00,991 INFO --------------
2018-05-12 20:25:01,679 INFO action: 1
2018-05-12 20:25:01,679 INFO ['0.12', '0.17', '----', '----', '----', '----', '----']
2018-05-12 20:25:01,679 INFO ['----', '----', '----', '----', '----', '----', '----']
2018-05-12 20:25:01,679 INFO ['----', '----', '----', '----', '----', '----', '----']
2018-05-12 20:25:01,679 INFO ['----', '----', '----', '0.15', '----', '----', '0.14']
2018-05-12 20:25:01,679 INFO ['----', '----', '----', '----', '----', '0.12', '----']
2018-05-12 20:25:01,679 INFO ['----', '----', '0.17', '----', '0.14', '----', '----']
2018-05-12 20:25:01,679 INFO MCTS perceived value for O: 0.010000
2018-05-12 20:25:01,679 INFO NN perceived value for O: -0.030000
2018-05-12 20:25:01,679 INFO ====================
2018-05-12 20:25:01,680 INFO ['-', 'O', '-', '-', '-', '-', '-']
2018-05-12 20:25:01,680 INFO ['X', 'X', '-', '-', '-', '-', '-']
2018-05-12 20:25:01,680 INFO ['O', 'O', '-', '-', '-', '-', '-']
2018-05-12 20:25:01,680 INFO ['O', 'X', '-', '-', '-', '-', '-']
2018-05-12 20:25:01,680 INFO ['O', 'X', '-', 'O', '-', '-', 'X']
2018-05-12 20:25:01,680 INFO ['X', 'X', '-', 'O', '-', 'X', 'O']
2018-05-12 20:25:01,680 INFO --------------
2018-05-12 20:25:02,369 INFO action: 37
2018-05-12 20:25:02,369 INFO ['0.17', '----', '----', '----', '----', '----', '----']
2018-05-12 20:25:02,369 INFO ['----', '----', '----', '----', '----', '----', '----']
2018-05-12 20:25:02,369 INFO ['----', '----', '----', '----', '----', '----', '----']
2018-05-12 20:25:02,369 INFO ['----', '----', '----', '0.15', '----', '----', '0.17']
2018-05-12 20:25:02,370 INFO ['----', '----', '----', '----', '----', '0.15', '----']
2018-05-12 20:25:02,370 INFO ['----', '----', '0.19', '----', '0.17', '----', '----']
2018-05-12 20:25:02,370 INFO MCTS perceived value for X: -0.020000
2018-05-12 20:25:02,370 INFO NN perceived value for X: -0.080000
2018-05-12 20:25:02,370 INFO ====================
2018-05-12 20:25:02,370 INFO ['-', 'O', '-', '-', '-', '-', '-']
2018-05-12 20:25:02,370 INFO ['X', 'X', '-', '-', '-', '-', '-']
2018-05-12 20:25:02,370 INFO ['O', 'O', '-', '-', '-', '-', '-']
2018-05-12 20:25:02,370 INFO ['O', 'X', '-', '-', '-', '-', '-']
2018-05-12 20:25:02,370 INFO ['O', 'X', '-', 'O', '-', '-', 'X']
2018-05-12 20:25:02,370 INFO ['X', 'X', 'X', 'O', '-', 'X', 'O']
2018-05-12 20:25:02,370 INFO --------------
2018-05-12 20:25:03,043 INFO action: 24
2018-05-12 20:25:03,043 INFO ['0.15', '----', '----', '----', '----', '----', '----']
2018-05-12 20:25:03,043 INFO ['----', '----', '----', '----', '----', '----', '----']
2018-05-12 20:25:03,043 INFO ['----', '----', '----', '----', '----', '----', '----']
2018-05-12 20:25:03,044 INFO ['----', '----', '----', '0.25', '----', '----', '0.15']
2018-05-12 20:25:03,044 INFO ['----', '----', '0.13', '----', '----', '0.17', '----']
2018-05-12 20:25:03,044 INFO ['----', '----', '----', '----', '0.15', '----', '----']
2018-05-12 20:25:03,044 INFO MCTS perceived value for O: 0.100000
2018-05-12 20:25:03,044 INFO NN perceived value for O: -0.030000
2018-05-12 20:25:03,044 INFO ====================
2018-05-12 20:25:03,044 INFO ['-', 'O', '-', '-', '-', '-', '-']
2018-05-12 20:25:03,044 INFO ['X', 'X', '-', '-', '-', '-', '-']
2018-05-12 20:25:03,044 INFO ['O', 'O', '-', '-', '-', '-', '-']
2018-05-12 20:25:03,044 INFO ['O', 'X', '-', 'O', '-', '-', '-']
2018-05-12 20:25:03,044 INFO ['O', 'X', '-', 'O', '-', '-', 'X']
2018-05-12 20:25:03,044 INFO ['X', 'X', 'X', 'O', '-', 'X', 'O']
2018-05-12 20:25:03,044 INFO --------------
2018-05-12 20:25:03,632 INFO action: 17
2018-05-12 20:25:03,632 INFO ['0.05', '----', '----', '----', '----', '----', '----']
2018-05-12 20:25:03,632 INFO ['----', '----', '----', '----', '----', '----', '----']
2018-05-12 20:25:03,632 INFO ['----', '----', '----', '0.53', '----', '----', '----']
2018-05-12 20:25:03,632 INFO ['----', '----', '----', '----', '----', '----', '0.11']
2018-05-12 20:25:03,632 INFO ['----', '----', '0.11', '----', '----', '0.11', '----']
2018-05-12 20:25:03,632 INFO ['----', '----', '----', '----', '0.09', '----', '----']
2018-05-12 20:25:03,633 INFO MCTS perceived value for X: -0.010000
2018-05-12 20:25:03,633 INFO NN perceived value for X: -0.080000
2018-05-12 20:25:03,633 INFO ====================
2018-05-12 20:25:03,633 INFO ['-', 'O', '-', '-', '-', '-', '-']
2018-05-12 20:25:03,633 INFO ['X', 'X', '-', '-', '-', '-', '-']
2018-05-12 20:25:03,633 INFO ['O', 'O', '-', 'X', '-', '-', '-']
2018-05-12 20:25:03,633 INFO ['O', 'X', '-', 'O', '-', '-', '-']
2018-05-12 20:25:03,633 INFO ['O', 'X', '-', 'O', '-', '-', 'X']
2018-05-12 20:25:03,633 INFO ['X', 'X', 'X', 'O', '-', 'X', 'O']
2018-05-12 20:25:03,633 INFO --------------
2018-05-12 20:25:04,323 INFO action: 0
2018-05-12 20:25:04,323 INFO ['0.22', '----', '----', '----', '----', '----', '----']
2018-05-12 20:25:04,323 INFO ['----', '----', '----', '0.19', '----', '----', '----']
2018-05-12 20:25:04,324 INFO ['----', '----', '----', '----', '----', '----', '----']
2018-05-12 20:25:04,324 INFO ['----', '----', '----', '----', '----', '----', '0.19']
2018-05-12 20:25:04,324 INFO ['----', '----', '0.07', '----', '----', '0.16', '----']
2018-05-12 20:25:04,324 INFO ['----', '----', '----', '----', '0.17', '----', '----']
2018-05-12 20:25:04,324 INFO MCTS perceived value for O: 0.020000
2018-05-12 20:25:04,324 INFO NN perceived value for O: -0.050000
2018-05-12 20:25:04,324 INFO ====================
2018-05-12 20:25:04,324 INFO ['O', 'O', '-', '-', '-', '-', '-']
2018-05-12 20:25:04,324 INFO ['X', 'X', '-', '-', '-', '-', '-']
2018-05-12 20:25:04,324 INFO ['O', 'O', '-', 'X', '-', '-', '-']
2018-05-12 20:25:04,324 INFO ['O', 'X', '-', 'O', '-', '-', '-']
2018-05-12 20:25:04,324 INFO ['O', 'X', '-', 'O', '-', '-', 'X']
2018-05-12 20:25:04,325 INFO ['X', 'X', 'X', 'O', '-', 'X', 'O']
2018-05-12 20:25:04,325 INFO --------------
2018-05-12 20:25:05,090 INFO action: 30
2018-05-12 20:25:05,090 INFO ['----', '----', '----', '----', '----', '----', '----']
2018-05-12 20:25:05,090 INFO ['----', '----', '----', '0.16', '----', '----', '----']
2018-05-12 20:25:05,090 INFO ['----', '----', '----', '----', '----', '----', '----']
2018-05-12 20:25:05,090 INFO ['----', '----', '----', '----', '----', '----', '0.15']
2018-05-12 20:25:05,090 INFO ['----', '----', '0.37', '----', '----', '0.15', '----']
2018-05-12 20:25:05,090 INFO ['----', '----', '----', '----', '0.16', '----', '----']
2018-05-12 20:25:05,090 INFO MCTS perceived value for X: 0.050000
2018-05-12 20:25:05,091 INFO NN perceived value for X: -0.090000
2018-05-12 20:25:05,091 INFO ====================
2018-05-12 20:25:05,091 INFO ['O', 'O', '-', '-', '-', '-', '-']
2018-05-12 20:25:05,091 INFO ['X', 'X', '-', '-', '-', '-', '-']
2018-05-12 20:25:05,091 INFO ['O', 'O', '-', 'X', '-', '-', '-']
2018-05-12 20:25:05,092 INFO ['O', 'X', '-', 'O', '-', '-', '-']
2018-05-12 20:25:05,092 INFO ['O', 'X', 'X', 'O', '-', '-', 'X']
2018-05-12 20:25:05,092 INFO ['X', 'X', 'X', 'O', '-', 'X', 'O']
2018-05-12 20:25:05,092 INFO --------------
2018-05-12 20:25:05,743 INFO action: 23
2018-05-12 20:25:05,743 INFO ['----', '----', '----', '----', '----', '----', '----']
2018-05-12 20:25:05,743 INFO ['----', '----', '----', '0.04', '----', '----', '----']
2018-05-12 20:25:05,743 INFO ['----', '----', '----', '----', '----', '----', '----']
2018-05-12 20:25:05,743 INFO ['----', '----', '0.81', '----', '----', '----', '0.04']
2018-05-12 20:25:05,743 INFO ['----', '----', '----', '----', '----', '0.07', '----']
2018-05-12 20:25:05,743 INFO ['----', '----', '----', '----', '0.04', '----', '----']
2018-05-12 20:25:05,743 INFO MCTS perceived value for O: 0.160000
2018-05-12 20:25:05,743 INFO NN perceived value for O: -0.080000
2018-05-12 20:25:05,744 INFO ====================
2018-05-12 20:25:05,744 INFO ['O', 'O', '-', '-', '-', '-', '-']
2018-05-12 20:25:05,744 INFO ['X', 'X', '-', '-', '-', '-', '-']
2018-05-12 20:25:05,744 INFO ['O', 'O', '-', 'X', '-', '-', '-']
2018-05-12 20:25:05,744 INFO ['O', 'X', 'O', 'O', '-', '-', '-']
2018-05-12 20:25:05,744 INFO ['O', 'X', 'X', 'O', '-', '-', 'X']
2018-05-12 20:25:05,744 INFO ['X', 'X', 'X', 'O', '-', 'X', 'O']
2018-05-12 20:25:05,744 INFO --------------
2018-05-12 20:25:06,449 INFO action: 39
2018-05-12 20:25:06,449 INFO ['----', '----', '----', '----', '----', '----', '----']
2018-05-12 20:25:06,450 INFO ['----', '----', '----', '0.06', '----', '----', '----']
2018-05-12 20:25:06,450 INFO ['----', '----', '0.05', '----', '----', '----', '----']
2018-05-12 20:25:06,450 INFO ['----', '----', '----', '----', '----', '----', '0.06']
2018-05-12 20:25:06,450 INFO ['----', '----', '----', '----', '----', '0.04', '----']
2018-05-12 20:25:06,450 INFO ['----', '----', '----', '----', '0.81', '----', '----']
2018-05-12 20:25:06,450 INFO MCTS perceived value for X: -0.020000
2018-05-12 20:25:06,450 INFO NN perceived value for X: -0.110000
2018-05-12 20:25:06,450 INFO ====================
2018-05-12 20:25:06,450 INFO ['O', 'O', '-', '-', '-', '-', '-']
2018-05-12 20:25:06,450 INFO ['X', 'X', '-', '-', '-', '-', '-']
2018-05-12 20:25:06,450 INFO ['O', 'O', '-', 'X', '-', '-', '-']
2018-05-12 20:25:06,450 INFO ['O', 'X', 'O', 'O', '-', '-', '-']
2018-05-12 20:25:06,451 INFO ['O', 'X', 'X', 'O', '-', '-', 'X']
2018-05-12 20:25:06,451 INFO ['X', 'X', 'X', 'O', 'X', 'X', 'O']
2018-05-12 20:25:06,451 INFO --------------
2018-05-12 20:25:07,170 INFO action: 32
2018-05-12 20:25:07,170 INFO ['----', '----', '----', '----', '----', '----', '----']
2018-05-12 20:25:07,170 INFO ['----', '----', '----', '0.18', '----', '----', '----']
2018-05-12 20:25:07,170 INFO ['----', '----', '0.23', '----', '----', '----', '----']
2018-05-12 20:25:07,171 INFO ['----', '----', '----', '----', '----', '----', '0.20']
2018-05-12 20:25:07,171 INFO ['----', '----', '----', '----', '0.23', '0.16', '----']
2018-05-12 20:25:07,171 INFO ['----', '----', '----', '----', '----', '----', '----']
2018-05-12 20:25:07,171 INFO MCTS perceived value for O: 0.050000
2018-05-12 20:25:07,171 INFO NN perceived value for O: 0.000000
2018-05-12 20:25:07,171 INFO ====================
2018-05-12 20:25:07,171 INFO ['O', 'O', '-', '-', '-', '-', '-']
2018-05-12 20:25:07,171 INFO ['X', 'X', '-', '-', '-', '-', '-']
2018-05-12 20:25:07,171 INFO ['O', 'O', '-', 'X', '-', '-', '-']
2018-05-12 20:25:07,171 INFO ['O', 'X', 'O', 'O', '-', '-', '-']
2018-05-12 20:25:07,171 INFO ['O', 'X', 'X', 'O', 'O', '-', 'X']
2018-05-12 20:25:07,171 INFO ['X', 'X', 'X', 'O', 'X', 'X', 'O']
2018-05-12 20:25:07,171 INFO --------------
2018-05-12 20:25:07,874 INFO action: 16
2018-05-12 20:25:07,874 INFO ['----', '----', '----', '----', '----', '----', '----']
2018-05-12 20:25:07,874 INFO ['----', '----', '----', '0.22', '----', '----', '----']
2018-05-12 20:25:07,874 INFO ['----', '----', '0.25', '----', '----', '----', '----']
2018-05-12 20:25:07,875 INFO ['----', '----', '----', '----', '0.17', '----', '0.19']
2018-05-12 20:25:07,875 INFO ['----', '----', '----', '----', '----', '0.17', '----']
2018-05-12 20:25:07,875 INFO ['----', '----', '----', '----', '----', '----', '----']
2018-05-12 20:25:07,875 INFO MCTS perceived value for X: -0.060000
2018-05-12 20:25:07,875 INFO NN perceived value for X: -0.080000
2018-05-12 20:25:07,875 INFO ====================
2018-05-12 20:25:07,875 INFO ['O', 'O', '-', '-', '-', '-', '-']
2018-05-12 20:25:07,875 INFO ['X', 'X', '-', '-', '-', '-', '-']
2018-05-12 20:25:07,875 INFO ['O', 'O', 'X', 'X', '-', '-', '-']
2018-05-12 20:25:07,875 INFO ['O', 'X', 'O', 'O', '-', '-', '-']
2018-05-12 20:25:07,875 INFO ['O', 'X', 'X', 'O', 'O', '-', 'X']
2018-05-12 20:25:07,875 INFO ['X', 'X', 'X', 'O', 'X', 'X', 'O']
2018-05-12 20:25:07,875 INFO --------------
2018-05-12 20:25:08,568 INFO action: 25
2018-05-12 20:25:08,568 INFO ['----', '----', '----', '----', '----', '----', '----']
2018-05-12 20:25:08,568 INFO ['----', '----', '0.16', '0.17', '----', '----', '----']
2018-05-12 20:25:08,568 INFO ['----', '----', '----', '----', '----', '----', '----']
2018-05-12 20:25:08,568 INFO ['----', '----', '----', '----', '0.25', '----', '0.20']
2018-05-12 20:25:08,568 INFO ['----', '----', '----', '----', '----', '0.22', '----']
2018-05-12 20:25:08,568 INFO ['----', '----', '----', '----', '----', '----', '----']
2018-05-12 20:25:08,568 INFO MCTS perceived value for O: 0.050000
2018-05-12 20:25:08,568 INFO NN perceived value for O: 0.000000
2018-05-12 20:25:08,568 INFO ====================
2018-05-12 20:25:08,568 INFO ['O', 'O', '-', '-', '-', '-', '-']
2018-05-12 20:25:08,568 INFO ['X', 'X', '-', '-', '-', '-', '-']
2018-05-12 20:25:08,569 INFO ['O', 'O', 'X', 'X', '-', '-', '-']
2018-05-12 20:25:08,569 INFO ['O', 'X', 'O', 'O', 'O', '-', '-']
2018-05-12 20:25:08,569 INFO ['O', 'X', 'X', 'O', 'O', '-', 'X']
2018-05-12 20:25:08,569 INFO ['X', 'X', 'X', 'O', 'X', 'X', 'O']
2018-05-12 20:25:08,569 INFO --------------
2018-05-12 20:25:09,220 INFO action: 9
2018-05-12 20:25:09,220 INFO ['----', '----', '----', '----', '----', '----', '----']
2018-05-12 20:25:09,220 INFO ['----', '----', '0.48', '0.12', '----', '----', '----']
2018-05-12 20:25:09,220 INFO ['----', '----', '----', '----', '0.17', '----', '----']
2018-05-12 20:25:09,220 INFO ['----', '----', '----', '----', '----', '----', '0.15']
2018-05-12 20:25:09,221 INFO ['----', '----', '----', '----', '----', '0.08', '----']
2018-05-12 20:25:09,221 INFO ['----', '----', '----', '----', '----', '----', '----']
2018-05-12 20:25:09,221 INFO MCTS perceived value for X: 0.110000
2018-05-12 20:25:09,221 INFO NN perceived value for X: -0.080000
2018-05-12 20:25:09,221 INFO ====================
2018-05-12 20:25:09,221 INFO ['O', 'O', '-', '-', '-', '-', '-']
2018-05-12 20:25:09,221 INFO ['X', 'X', 'X', '-', '-', '-', '-']
2018-05-12 20:25:09,221 INFO ['O', 'O', 'X', 'X', '-', '-', '-']
2018-05-12 20:25:09,221 INFO ['O', 'X', 'O', 'O', 'O', '-', '-']
2018-05-12 20:25:09,221 INFO ['O', 'X', 'X', 'O', 'O', '-', 'X']
2018-05-12 20:25:09,221 INFO ['X', 'X', 'X', 'O', 'X', 'X', 'O']
2018-05-12 20:25:09,221 INFO --------------
2018-05-12 20:25:09,891 INFO action: 10
2018-05-12 20:25:09,891 INFO ['----', '----', '0.04', '----', '----', '----', '----']
2018-05-12 20:25:09,892 INFO ['----', '----', '----', '0.81', '----', '----', '----']
2018-05-12 20:25:09,892 INFO ['----', '----', '----', '----', '0.05', '----', '----']
2018-05-12 20:25:09,892 INFO ['----', '----', '----', '----', '----', '----', '0.05']
2018-05-12 20:25:09,892 INFO ['----', '----', '----', '----', '----', '0.05', '----']
2018-05-12 20:25:09,892 INFO ['----', '----', '----', '----', '----', '----', '----']
2018-05-12 20:25:09,892 INFO MCTS perceived value for O: 0.070000
2018-05-12 20:25:09,892 INFO NN perceived value for O: -0.010000
2018-05-12 20:25:09,892 INFO ====================
2018-05-12 20:25:09,892 INFO ['O', 'O', '-', '-', '-', '-', '-']
2018-05-12 20:25:09,892 INFO ['X', 'X', 'X', 'O', '-', '-', '-']
2018-05-12 20:25:09,892 INFO ['O', 'O', 'X', 'X', '-', '-', '-']
2018-05-12 20:25:09,893 INFO ['O', 'X', 'O', 'O', 'O', '-', '-']
2018-05-12 20:25:09,893 INFO ['O', 'X', 'X', 'O', 'O', '-', 'X']
2018-05-12 20:25:09,893 INFO ['X', 'X', 'X', 'O', 'X', 'X', 'O']
2018-05-12 20:25:09,893 INFO --------------
2018-05-12 20:25:10,556 INFO action: 18
2018-05-12 20:25:10,556 INFO ['----', '----', '0.18', '0.24', '----', '----', '----']
2018-05-12 20:25:10,556 INFO ['----', '----', '----', '----', '----', '----', '----']
2018-05-12 20:25:10,557 INFO ['----', '----', '----', '----', '0.30', '----', '----']
2018-05-12 20:25:10,557 INFO ['----', '----', '----', '----', '----', '----', '0.22']
2018-05-12 20:25:10,557 INFO ['----', '----', '----', '----', '----', '0.06', '----']
2018-05-12 20:25:10,557 INFO ['----', '----', '----', '----', '----', '----', '----']
2018-05-12 20:25:10,557 INFO MCTS perceived value for X: -0.140000
2018-05-12 20:25:10,557 INFO NN perceived value for X: -0.080000
2018-05-12 20:25:10,557 INFO ====================
2018-05-12 20:25:10,558 INFO ['O', 'O', '-', '-', '-', '-', '-']
2018-05-12 20:25:10,558 INFO ['X', 'X', 'X', 'O', '-', '-', '-']
2018-05-12 20:25:10,558 INFO ['O', 'O', 'X', 'X', 'X', '-', '-']
2018-05-12 20:25:10,558 INFO ['O', 'X', 'O', 'O', 'O', '-', '-']
2018-05-12 20:25:10,558 INFO ['O', 'X', 'X', 'O', 'O', '-', 'X']
2018-05-12 20:25:10,558 INFO ['X', 'X', 'X', 'O', 'X', 'X', 'O']
2018-05-12 20:25:10,558 INFO --------------
2018-05-12 20:25:11,206 INFO action: 3
2018-05-12 20:25:11,207 INFO ['----', '----', '0.22', '0.29', '----', '----', '----']
2018-05-12 20:25:11,207 INFO ['----', '----', '----', '----', '0.12', '----', '----']
2018-05-12 20:25:11,207 INFO ['----', '----', '----', '----', '----', '----', '----']
2018-05-12 20:25:11,207 INFO ['----', '----', '----', '----', '----', '----', '0.11']
2018-05-12 20:25:11,207 INFO ['----', '----', '----', '----', '----', '0.27', '----']
2018-05-12 20:25:11,207 INFO ['----', '----', '----', '----', '----', '----', '----']
2018-05-12 20:25:11,207 INFO MCTS perceived value for O: 0.170000
2018-05-12 20:25:11,207 INFO NN perceived value for O: -0.010000
2018-05-12 20:25:11,207 INFO ====================
2018-05-12 20:25:11,207 INFO ['O', 'O', '-', 'O', '-', '-', '-']
2018-05-12 20:25:11,207 INFO ['X', 'X', 'X', 'O', '-', '-', '-']
2018-05-12 20:25:11,208 INFO ['O', 'O', 'X', 'X', 'X', '-', '-']
2018-05-12 20:25:11,208 INFO ['O', 'X', 'O', 'O', 'O', '-', '-']
2018-05-12 20:25:11,208 INFO ['O', 'X', 'X', 'O', 'O', '-', 'X']
2018-05-12 20:25:11,208 INFO ['X', 'X', 'X', 'O', 'X', 'X', 'O']
2018-05-12 20:25:11,208 INFO --------------
2018-05-12 20:25:11,841 INFO action: 2
2018-05-12 20:25:11,841 INFO ['----', '----', '0.85', '----', '----', '----', '----']
2018-05-12 20:25:11,841 INFO ['----', '----', '----', '----', '0.05', '----', '----']
2018-05-12 20:25:11,841 INFO ['----', '----', '----', '----', '----', '----', '----']
2018-05-12 20:25:11,841 INFO ['----', '----', '----', '----', '----', '----', '0.05']
2018-05-12 20:25:11,842 INFO ['----', '----', '----', '----', '----', '0.04', '----']
2018-05-12 20:25:11,842 INFO ['----', '----', '----', '----', '----', '----', '----']
2018-05-12 20:25:11,842 INFO MCTS perceived value for X: -0.070000
2018-05-12 20:25:11,842 INFO NN perceived value for X: -0.080000
2018-05-12 20:25:11,842 INFO ====================
2018-05-12 20:25:11,842 INFO ['O', 'O', 'X', 'O', '-', '-', '-']
2018-05-12 20:25:11,842 INFO ['X', 'X', 'X', 'O', '-', '-', '-']
2018-05-12 20:25:11,842 INFO ['O', 'O', 'X', 'X', 'X', '-', '-']
2018-05-12 20:25:11,842 INFO ['O', 'X', 'O', 'O', 'O', '-', '-']
2018-05-12 20:25:11,842 INFO ['O', 'X', 'X', 'O', 'O', '-', 'X']
2018-05-12 20:25:11,842 INFO ['X', 'X', 'X', 'O', 'X', 'X', 'O']
2018-05-12 20:25:11,842 INFO --------------
2018-05-12 20:25:12,524 INFO action: 11
2018-05-12 20:25:12,524 INFO ['----', '----', '----', '----', '----', '----', '----']
2018-05-12 20:25:12,524 INFO ['----', '----', '----', '----', '0.42', '----', '----']
2018-05-12 20:25:12,524 INFO ['----', '----', '----', '----', '----', '----', '----']
2018-05-12 20:25:12,524 INFO ['----', '----', '----', '----', '----', '----', '0.31']
2018-05-12 20:25:12,524 INFO ['----', '----', '----', '----', '----', '0.27', '----']
2018-05-12 20:25:12,524 INFO ['----', '----', '----', '----', '----', '----', '----']
2018-05-12 20:25:12,524 INFO MCTS perceived value for O: 0.120000
2018-05-12 20:25:12,524 INFO NN perceived value for O: -0.010000
2018-05-12 20:25:12,524 INFO ====================
2018-05-12 20:25:12,525 INFO ['O', 'O', 'X', 'O', '-', '-', '-']
2018-05-12 20:25:12,525 INFO ['X', 'X', 'X', 'O', 'O', '-', '-']
2018-05-12 20:25:12,525 INFO ['O', 'O', 'X', 'X', 'X', '-', '-']
2018-05-12 20:25:12,525 INFO ['O', 'X', 'O', 'O', 'O', '-', '-']
2018-05-12 20:25:12,525 INFO ['O', 'X', 'X', 'O', 'O', '-', 'X']
2018-05-12 20:25:12,525 INFO ['X', 'X', 'X', 'O', 'X', 'X', 'O']
2018-05-12 20:25:12,525 INFO --------------
2018-05-12 22:24:22,767 INFO =*=*=*=*=*=*=*=*=*=*=*=*=*=*=*=*=*=*=*=*=*
2018-05-12 22:24:22,767 INFO =*=*=*=*=*=.      NEW LOG      =*=*=*=*=*
2018-05-12 22:24:22,767 INFO =*=*=*=*=*=*=*=*=*=*=*=*=*=*=*=*=*=*=*=*=*
2018-05-12 22:24:26,586 INFO BEST PLAYER VERSION: 0
2018-05-12 22:24:26,587 INFO ====================
2018-05-12 22:24:26,587 INFO EPISODE 1 OF 25
2018-05-12 22:24:26,587 INFO ====================
2018-05-12 22:24:26,587 INFO best_player plays as X
2018-05-12 22:24:26,587 INFO ['-', '-', '-', '-', '-', '-', '-']
2018-05-12 22:24:26,587 INFO ['-', '-', '-', '-', '-', '-', '-']
2018-05-12 22:24:26,587 INFO ['-', '-', '-', '-', '-', '-', '-']
2018-05-12 22:24:26,587 INFO ['-', '-', '-', '-', '-', '-', '-']
2018-05-12 22:24:26,587 INFO ['-', '-', '-', '-', '-', '-', '-']
2018-05-12 22:24:26,587 INFO ['-', '-', '-', '-', '-', '-', '-']
2018-05-12 22:24:26,587 INFO --------------
2018-05-12 22:24:27,560 INFO action: 40
2018-05-12 22:24:27,560 INFO ['----', '----', '----', '----', '----', '----', '----']
2018-05-12 22:24:27,560 INFO ['----', '----', '----', '----', '----', '----', '----']
2018-05-12 22:24:27,561 INFO ['----', '----', '----', '----', '----', '----', '----']
2018-05-12 22:24:27,561 INFO ['----', '----', '----', '----', '----', '----', '----']
2018-05-12 22:24:27,561 INFO ['----', '----', '----', '----', '----', '----', '----']
2018-05-12 22:24:27,561 INFO ['0.10', '0.12', '0.14', '0.14', '0.18', '0.18', '0.12']
2018-05-12 22:24:27,561 INFO MCTS perceived value for X: 0.110000
2018-05-12 22:24:27,561 INFO NN perceived value for X: -0.050000
2018-05-12 22:24:27,561 INFO ====================
2018-05-12 22:24:27,561 INFO ['-', '-', '-', '-', '-', '-', '-']
2018-05-12 22:24:27,561 INFO ['-', '-', '-', '-', '-', '-', '-']
2018-05-12 22:24:27,561 INFO ['-', '-', '-', '-', '-', '-', '-']
2018-05-12 22:24:27,561 INFO ['-', '-', '-', '-', '-', '-', '-']
2018-05-12 22:24:27,561 INFO ['-', '-', '-', '-', '-', '-', '-']
2018-05-12 22:24:27,562 INFO ['-', '-', '-', '-', '-', 'X', '-']
2018-05-12 22:24:27,562 INFO --------------
2018-05-12 22:24:28,263 INFO action: 38
2018-05-12 22:24:28,263 INFO ['----', '----', '----', '----', '----', '----', '----']
2018-05-12 22:24:28,263 INFO ['----', '----', '----', '----', '----', '----', '----']
2018-05-12 22:24:28,263 INFO ['----', '----', '----', '----', '----', '----', '----']
2018-05-12 22:24:28,263 INFO ['----', '----', '----', '----', '----', '----', '----']
2018-05-12 22:24:28,263 INFO ['----', '----', '----', '----', '----', '0.16', '----']
2018-05-12 22:24:28,263 INFO ['0.07', '0.16', '0.16', '0.14', '0.19', '----', '0.14']
2018-05-12 22:24:28,263 INFO MCTS perceived value for O: 0.050000
2018-05-12 22:24:28,263 INFO NN perceived value for O: -0.160000
2018-05-12 22:24:28,263 INFO ====================
2018-05-12 22:24:28,264 INFO ['-', '-', '-', '-', '-', '-', '-']
2018-05-12 22:24:28,264 INFO ['-', '-', '-', '-', '-', '-', '-']
2018-05-12 22:24:28,264 INFO ['-', '-', '-', '-', '-', '-', '-']
2018-05-12 22:24:28,264 INFO ['-', '-', '-', '-', '-', '-', '-']
2018-05-12 22:24:28,264 INFO ['-', '-', '-', '-', '-', '-', '-']
2018-05-12 22:24:28,264 INFO ['-', '-', '-', 'O', '-', 'X', '-']
2018-05-12 22:24:28,264 INFO --------------
2018-05-12 22:24:28,982 INFO action: 35
2018-05-12 22:24:28,982 INFO ['----', '----', '----', '----', '----', '----', '----']
2018-05-12 22:24:28,982 INFO ['----', '----', '----', '----', '----', '----', '----']
2018-05-12 22:24:28,982 INFO ['----', '----', '----', '----', '----', '----', '----']
2018-05-12 22:24:28,982 INFO ['----', '----', '----', '----', '----', '----', '----']
2018-05-12 22:24:28,982 INFO ['----', '----', '----', '0.18', '----', '0.18', '----']
2018-05-12 22:24:28,983 INFO ['0.11', '0.14', '0.12', '----', '0.12', '----', '0.16']
2018-05-12 22:24:28,983 INFO MCTS perceived value for X: 0.110000
2018-05-12 22:24:28,983 INFO NN perceived value for X: -0.080000
2018-05-12 22:24:28,983 INFO ====================
2018-05-12 22:24:28,983 INFO ['-', '-', '-', '-', '-', '-', '-']
2018-05-12 22:24:28,983 INFO ['-', '-', '-', '-', '-', '-', '-']
2018-05-12 22:24:28,983 INFO ['-', '-', '-', '-', '-', '-', '-']
2018-05-12 22:24:28,983 INFO ['-', '-', '-', '-', '-', '-', '-']
2018-05-12 22:24:28,983 INFO ['-', '-', '-', '-', '-', '-', '-']
2018-05-12 22:24:28,983 INFO ['X', '-', '-', 'O', '-', 'X', '-']
2018-05-12 22:24:28,983 INFO --------------
2018-05-12 22:24:29,695 INFO action: 41
2018-05-12 22:24:29,695 INFO ['----', '----', '----', '----', '----', '----', '----']
2018-05-12 22:24:29,695 INFO ['----', '----', '----', '----', '----', '----', '----']
2018-05-12 22:24:29,695 INFO ['----', '----', '----', '----', '----', '----', '----']
2018-05-12 22:24:29,695 INFO ['----', '----', '----', '----', '----', '----', '----']
2018-05-12 22:24:29,696 INFO ['0.15', '----', '----', '0.13', '----', '0.13', '----']
2018-05-12 22:24:29,696 INFO ['----', '0.11', '0.15', '----', '0.18', '----', '0.16']
2018-05-12 22:24:29,696 INFO MCTS perceived value for O: 0.040000
2018-05-12 22:24:29,696 INFO NN perceived value for O: -0.200000
2018-05-12 22:24:29,696 INFO ====================
2018-05-12 22:24:29,696 INFO ['-', '-', '-', '-', '-', '-', '-']
2018-05-12 22:24:29,696 INFO ['-', '-', '-', '-', '-', '-', '-']
2018-05-12 22:24:29,696 INFO ['-', '-', '-', '-', '-', '-', '-']
2018-05-12 22:24:29,696 INFO ['-', '-', '-', '-', '-', '-', '-']
2018-05-12 22:24:29,696 INFO ['-', '-', '-', '-', '-', '-', '-']
2018-05-12 22:24:29,696 INFO ['X', '-', '-', 'O', '-', 'X', 'O']
2018-05-12 22:24:29,696 INFO --------------
